

Version:	3.50
CmdLine:	C:\Users\adria\IdeaProjects\UwU\out\artifacts\Kalendarz_jar\Kalendarz.exe --l4j-debug
JNI:		No
WOW64:		Yes
Working dir:	C:\Users\adria\IdeaProjects\UwU\out\artifacts\Kalendarz_jar\.
Requires JDK:	No
Requires 64-Bit: Yes
Java min ver:	1.008.000
Java max ver:	1.009.000
Substitute:	JAVA_HOME = C:\Users\adria\AppData\Local\Programs\Eclipse Adoptium\jdk-17.0.9.9-hotspot\
Substitute:	PATH = C:\Program Files\Common Files\Oracle\Java\javapath;E:\lol\bin;C:\Program Files (x86)\Razer\ChromaBroadcast\bin;C:\Program Files\Razer\ChromaBroadcast\bin;C:\WINDOWS\system32;C:\WINDOWS;C:\WINDOWS\System32\Wbem;C:\WINDOWS\System32\WindowsPowerShell\v1.0\;C:\WINDOWS\System32\OpenSSH\;C:\Program Files\Wolfram Research\WolframScript\;C:\WINDOWS\system32\config\systemprofile\AppData\Local\Microsoft\WindowsApps;C:\Program Files\Git\cmd;C:\Users\adria\AppData\Roaming\TinyTeX\bin\windows;C:\Users\adria\AppData\Local\Programs\Eclipse Adoptium\jdk-17.0.9.9-hotspot\bin;C:\Users\adria\AppData\Local\Microsoft\WindowsApps;D:\Microsoft VS Code\bin;D:\ZESPOLR\miktex\bin\x64\;C:\Users\adria\AppData\Local\Programs\Eclipse Adoptium\jdk-17.0.9.9-hotspot\\bin
JRE paths:	C:\Users\adria\AppData\Local\Programs\Eclipse Adoptium\jdk-17.0.9.9-hotspot\;C:\Program Files\Common Files\Oracle\Java\javapath;E:\lol\bin;C:\Program Files (x86)\Razer\ChromaBroadcast\bin;C:\Program Files\Razer\ChromaBroadcast\bin;C:\WINDOWS\system32;C:\WINDOWS;C:\WINDOWS\System32\Wbem;C:\WINDOWS\System32\WindowsPowerShell\v1.0\;C:\WINDOWS\System32\OpenSSH\;C:\Program Files\Wolfram Research\WolframScript\;C:\WINDOWS\system32\config\systemprofile\AppData\Local\Microsoft\WindowsApps;C:\Program Files\Git\cmd;C:\Users\adria\AppData\Roaming\TinyTeX\bin\windows;C:\Users\adria\AppData\Local\Programs\Eclipse Adoptium\jdk-17.0.9.9-hotspot\bin;C:\Users\adria\AppData\Local\Microsoft\WindowsApps;D:\Microsoft VS Code\bin;D:\ZESPOLR\miktex\bin\x64\;C:\Users\adria\AppData\Local\Programs\Eclipse Adoptium\jdk-17.0.9.9-hotspot\\bin
Check launcher:	C:\Users\adria\AppData\Local\Programs\Eclipse Adoptium\jdk-17.0.9.9-hotspot\bin\javaw.exe (OK)
Version string: 1.017.000_009 / 64-Bit (Ignore)
Check launcher:	C:\Program Files\Common Files\Oracle\Java\javapath\bin\javaw.exe (not found)
Check launcher:	E:\lol\bin\javaw.exe (OK)
Version string: 1.021.000_001 / 64-Bit (Ignore)
Check launcher:	C:\Program Files (x86)\Razer\ChromaBroadcast\bin\javaw.exe (not found)
Check launcher:	C:\Program Files\Razer\ChromaBroadcast\bin\javaw.exe (not found)
Check launcher:	C:\WINDOWS\system32\bin\javaw.exe (not found)
Check launcher:	C:\WINDOWS\bin\javaw.exe (not found)
Check launcher:	C:\WINDOWS\System32\Wbem\bin\javaw.exe (not found)
Check launcher:	C:\WINDOWS\System32\WindowsPowerShell\v1.0\bin\javaw.exe (not found)
Check launcher:	C:\WINDOWS\System32\OpenSSH\bin\javaw.exe (not found)
Check launcher:	C:\Program Files\Wolfram Research\WolframScript\bin\javaw.exe (not found)
Check launcher:	C:\WINDOWS\system32\config\systemprofile\AppData\Local\Microsoft\WindowsApps\bin\javaw.exe (not found)
Check launcher:	C:\Program Files\Git\cmd\bin\javaw.exe (not found)
Check launcher:	C:\Users\adria\AppData\Roaming\TinyTeX\bin\windows\bin\javaw.exe (not found)
Check launcher:	C:\Users\adria\AppData\Local\Programs\Eclipse Adoptium\jdk-17.0.9.9-hotspot\bin\javaw.exe (OK)
Version string: 1.017.000_009 / 64-Bit (Ignore)
Check launcher:	C:\Users\adria\AppData\Local\Microsoft\WindowsApps\bin\javaw.exe (not found)
Check launcher:	D:\Microsoft VS Code\bin\javaw.exe (not found)
Check launcher:	D:\ZESPOLR\miktex\bin\x64\bin\javaw.exe (not found)
Check launcher:	C:\Users\adria\AppData\Local\Programs\Eclipse Adoptium\jdk-17.0.9.9-hotspot\bin\javaw.exe (OK)
Version string: 1.017.000_009 / 64-Bit (Ignore)
64-bit search:	SOFTWARE\JavaSoft\Java Runtime Environment...
64-bit search:	SOFTWARE\JavaSoft\Java Development Kit...
64-bit search:	SOFTWARE\JavaSoft\JRE...
64-bit search:	SOFTWARE\JavaSoft\JDK...
Check:		SOFTWARE\JavaSoft\JDK\21.0.3
Version string: 1.021.000_003 / 64-Bit (Ignore)
Ignore:		1.021.000_003
64-bit search:	SOFTWARE\IBM\Java Runtime Environment...
64-bit search:	SOFTWARE\IBM\Java Development Kit...
64-bit search:	SOFTWARE\IBM\Java2 Runtime Environment...
64-bit search:	SOFTWARE\IBM\Java Development Kit...
Error msg:	This application requires a Java Runtime Environment 1.8.0 - 1.9.0 (64-bit)


Version:	3.50
CmdLine:	C:\Users\adria\IdeaProjects\UwU\out\artifacts\Kalendarz_jar\Kalendarz.exe --l4j-debug
JNI:		No
WOW64:		Yes
Working dir:	C:\Users\adria\IdeaProjects\UwU\out\artifacts\Kalendarz_jar\.
Requires JDK:	No
Requires 64-Bit: Yes
Java min ver:	1.008.000
Java max ver:	1.009.000
Substitute:	JAVA_HOME = C:\Users\adria\AppData\Local\Programs\Eclipse Adoptium\jdk-17.0.9.9-hotspot\
Substitute:	PATH = C:\Program Files\Common Files\Oracle\Java\javapath;E:\lol\bin;C:\Program Files (x86)\Razer\ChromaBroadcast\bin;C:\Program Files\Razer\ChromaBroadcast\bin;C:\WINDOWS\system32;C:\WINDOWS;C:\WINDOWS\System32\Wbem;C:\WINDOWS\System32\WindowsPowerShell\v1.0\;C:\WINDOWS\System32\OpenSSH\;C:\Program Files\Wolfram Research\WolframScript\;C:\WINDOWS\system32\config\systemprofile\AppData\Local\Microsoft\WindowsApps;C:\Program Files\Git\cmd;C:\Users\adria\AppData\Roaming\TinyTeX\bin\windows;C:\Users\adria\AppData\Local\Programs\Eclipse Adoptium\jdk-17.0.9.9-hotspot\bin;C:\Users\adria\AppData\Local\Microsoft\WindowsApps;D:\Microsoft VS Code\bin;D:\ZESPOLR\miktex\bin\x64\;C:\Users\adria\AppData\Local\Programs\Eclipse Adoptium\jdk-17.0.9.9-hotspot\\bin
JRE paths:	C:\Users\adria\AppData\Local\Programs\Eclipse Adoptium\jdk-17.0.9.9-hotspot\;C:\Program Files\Common Files\Oracle\Java\javapath;E:\lol\bin;C:\Program Files (x86)\Razer\ChromaBroadcast\bin;C:\Program Files\Razer\ChromaBroadcast\bin;C:\WINDOWS\system32;C:\WINDOWS;C:\WINDOWS\System32\Wbem;C:\WINDOWS\System32\WindowsPowerShell\v1.0\;C:\WINDOWS\System32\OpenSSH\;C:\Program Files\Wolfram Research\WolframScript\;C:\WINDOWS\system32\config\systemprofile\AppData\Local\Microsoft\WindowsApps;C:\Program Files\Git\cmd;C:\Users\adria\AppData\Roaming\TinyTeX\bin\windows;C:\Users\adria\AppData\Local\Programs\Eclipse Adoptium\jdk-17.0.9.9-hotspot\bin;C:\Users\adria\AppData\Local\Microsoft\WindowsApps;D:\Microsoft VS Code\bin;D:\ZESPOLR\miktex\bin\x64\;C:\Users\adria\AppData\Local\Programs\Eclipse Adoptium\jdk-17.0.9.9-hotspot\\bin
Check launcher:	C:\Users\adria\AppData\Local\Programs\Eclipse Adoptium\jdk-17.0.9.9-hotspot\bin\javaw.exe (OK)
Version string: 1.017.000_009 / 64-Bit (Ignore)
Check launcher:	C:\Program Files\Common Files\Oracle\Java\javapath\bin\javaw.exe (not found)
Check launcher:	E:\lol\bin\javaw.exe (OK)
Version string: 1.021.000_001 / 64-Bit (Ignore)
Check launcher:	C:\Program Files (x86)\Razer\ChromaBroadcast\bin\javaw.exe (not found)
Check launcher:	C:\Program Files\Razer\ChromaBroadcast\bin\javaw.exe (not found)
Check launcher:	C:\WINDOWS\system32\bin\javaw.exe (not found)
Check launcher:	C:\WINDOWS\bin\javaw.exe (not found)
Check launcher:	C:\WINDOWS\System32\Wbem\bin\javaw.exe (not found)
Check launcher:	C:\WINDOWS\System32\WindowsPowerShell\v1.0\bin\javaw.exe (not found)
Check launcher:	C:\WINDOWS\System32\OpenSSH\bin\javaw.exe (not found)
Check launcher:	C:\Program Files\Wolfram Research\WolframScript\bin\javaw.exe (not found)
Check launcher:	C:\WINDOWS\system32\config\systemprofile\AppData\Local\Microsoft\WindowsApps\bin\javaw.exe (not found)
Check launcher:	C:\Program Files\Git\cmd\bin\javaw.exe (not found)
Check launcher:	C:\Users\adria\AppData\Roaming\TinyTeX\bin\windows\bin\javaw.exe (not found)
Check launcher:	C:\Users\adria\AppData\Local\Programs\Eclipse Adoptium\jdk-17.0.9.9-hotspot\bin\javaw.exe (OK)
Version string: 1.017.000_009 / 64-Bit (Ignore)
Check launcher:	C:\Users\adria\AppData\Local\Microsoft\WindowsApps\bin\javaw.exe (not found)
Check launcher:	D:\Microsoft VS Code\bin\javaw.exe (not found)
Check launcher:	D:\ZESPOLR\miktex\bin\x64\bin\javaw.exe (not found)
Check launcher:	C:\Users\adria\AppData\Local\Programs\Eclipse Adoptium\jdk-17.0.9.9-hotspot\bin\javaw.exe (OK)
Version string: 1.017.000_009 / 64-Bit (Ignore)
64-bit search:	SOFTWARE\JavaSoft\Java Runtime Environment...
64-bit search:	SOFTWARE\JavaSoft\Java Development Kit...
64-bit search:	SOFTWARE\JavaSoft\JRE...
64-bit search:	SOFTWARE\JavaSoft\JDK...
Check:		SOFTWARE\JavaSoft\JDK\21.0.3
Version string: 1.021.000_003 / 64-Bit (Ignore)
Ignore:		1.021.000_003
64-bit search:	SOFTWARE\IBM\Java Runtime Environment...
64-bit search:	SOFTWARE\IBM\Java Development Kit...
64-bit search:	SOFTWARE\IBM\Java2 Runtime Environment...
64-bit search:	SOFTWARE\IBM\Java Development Kit...
Error msg:	This application requires a Java Runtime Environment 1.8.0 - 1.9.0 (64-bit)


Version:	3.50
CmdLine:	C:\Users\adria\IdeaProjects\UwU\out\artifacts\Kalendarz_jar\Kalendarz.exe --l4j-debug
JNI:		No
WOW64:		Yes
Working dir:	C:\Users\adria\IdeaProjects\UwU\out\artifacts\Kalendarz_jar\.
Requires JDK:	No
Requires 64-Bit: Yes
Java min ver:	1.008.000
Java max ver:	1.009.000
Substitute:	JAVA_HOME = C:\Users\adria\AppData\Local\Programs\Eclipse Adoptium\jdk-17.0.9.9-hotspot\
Substitute:	PATH = C:\Program Files\Common Files\Oracle\Java\javapath;E:\lol\bin;C:\Program Files (x86)\Razer\ChromaBroadcast\bin;C:\Program Files\Razer\ChromaBroadcast\bin;C:\WINDOWS\system32;C:\WINDOWS;C:\WINDOWS\System32\Wbem;C:\WINDOWS\System32\WindowsPowerShell\v1.0\;C:\WINDOWS\System32\OpenSSH\;C:\Program Files\Wolfram Research\WolframScript\;C:\WINDOWS\system32\config\systemprofile\AppData\Local\Microsoft\WindowsApps;C:\Program Files\Git\cmd;C:\Users\adria\AppData\Roaming\TinyTeX\bin\windows;C:\Users\adria\AppData\Local\Programs\Eclipse Adoptium\jdk-17.0.9.9-hotspot\bin;C:\Users\adria\AppData\Local\Microsoft\WindowsApps;D:\Microsoft VS Code\bin;D:\ZESPOLR\miktex\bin\x64\;C:\Users\adria\AppData\Local\Programs\Eclipse Adoptium\jdk-17.0.9.9-hotspot\\bin
JRE paths:	C:\Users\adria\AppData\Local\Programs\Eclipse Adoptium\jdk-17.0.9.9-hotspot\;C:\Program Files\Common Files\Oracle\Java\javapath;E:\lol\bin;C:\Program Files (x86)\Razer\ChromaBroadcast\bin;C:\Program Files\Razer\ChromaBroadcast\bin;C:\WINDOWS\system32;C:\WINDOWS;C:\WINDOWS\System32\Wbem;C:\WINDOWS\System32\WindowsPowerShell\v1.0\;C:\WINDOWS\System32\OpenSSH\;C:\Program Files\Wolfram Research\WolframScript\;C:\WINDOWS\system32\config\systemprofile\AppData\Local\Microsoft\WindowsApps;C:\Program Files\Git\cmd;C:\Users\adria\AppData\Roaming\TinyTeX\bin\windows;C:\Users\adria\AppData\Local\Programs\Eclipse Adoptium\jdk-17.0.9.9-hotspot\bin;C:\Users\adria\AppData\Local\Microsoft\WindowsApps;D:\Microsoft VS Code\bin;D:\ZESPOLR\miktex\bin\x64\;C:\Users\adria\AppData\Local\Programs\Eclipse Adoptium\jdk-17.0.9.9-hotspot\\bin
Check launcher:	C:\Users\adria\AppData\Local\Programs\Eclipse Adoptium\jdk-17.0.9.9-hotspot\bin\javaw.exe (OK)
Version string: 1.017.000_009 / 64-Bit (Ignore)
Check launcher:	C:\Program Files\Common Files\Oracle\Java\javapath\bin\javaw.exe (not found)
Check launcher:	E:\lol\bin\javaw.exe (OK)
Version string: 1.021.000_001 / 64-Bit (Ignore)
Check launcher:	C:\Program Files (x86)\Razer\ChromaBroadcast\bin\javaw.exe (not found)
Check launcher:	C:\Program Files\Razer\ChromaBroadcast\bin\javaw.exe (not found)
Check launcher:	C:\WINDOWS\system32\bin\javaw.exe (not found)
Check launcher:	C:\WINDOWS\bin\javaw.exe (not found)
Check launcher:	C:\WINDOWS\System32\Wbem\bin\javaw.exe (not found)
Check launcher:	C:\WINDOWS\System32\WindowsPowerShell\v1.0\bin\javaw.exe (not found)
Check launcher:	C:\WINDOWS\System32\OpenSSH\bin\javaw.exe (not found)
Check launcher:	C:\Program Files\Wolfram Research\WolframScript\bin\javaw.exe (not found)
Check launcher:	C:\WINDOWS\system32\config\systemprofile\AppData\Local\Microsoft\WindowsApps\bin\javaw.exe (not found)
Check launcher:	C:\Program Files\Git\cmd\bin\javaw.exe (not found)
Check launcher:	C:\Users\adria\AppData\Roaming\TinyTeX\bin\windows\bin\javaw.exe (not found)
Check launcher:	C:\Users\adria\AppData\Local\Programs\Eclipse Adoptium\jdk-17.0.9.9-hotspot\bin\javaw.exe (OK)
Version string: 1.017.000_009 / 64-Bit (Ignore)
Check launcher:	C:\Users\adria\AppData\Local\Microsoft\WindowsApps\bin\javaw.exe (not found)
Check launcher:	D:\Microsoft VS Code\bin\javaw.exe (not found)
Check launcher:	D:\ZESPOLR\miktex\bin\x64\bin\javaw.exe (not found)
Check launcher:	C:\Users\adria\AppData\Local\Programs\Eclipse Adoptium\jdk-17.0.9.9-hotspot\bin\javaw.exe (OK)
Version string: 1.017.000_009 / 64-Bit (Ignore)
64-bit search:	SOFTWARE\JavaSoft\Java Runtime Environment...
64-bit search:	SOFTWARE\JavaSoft\Java Development Kit...
64-bit search:	SOFTWARE\JavaSoft\JRE...
64-bit search:	SOFTWARE\JavaSoft\JDK...
Check:		SOFTWARE\JavaSoft\JDK\21.0.3
Version string: 1.021.000_003 / 64-Bit (Ignore)
Ignore:		1.021.000_003
64-bit search:	SOFTWARE\IBM\Java Runtime Environment...
64-bit search:	SOFTWARE\IBM\Java Development Kit...
64-bit search:	SOFTWARE\IBM\Java2 Runtime Environment...
64-bit search:	SOFTWARE\IBM\Java Development Kit...
Error msg:	This application requires a Java Runtime Environment 1.8.0 - 1.9.0 (64-bit)


Version:	3.50
CmdLine:	C:\Users\adria\IdeaProjects\UwU\out\artifacts\Kalendarz_jar\Kalendarz.exe --l4j-debug
JNI:		No
WOW64:		Yes
Working dir:	C:\Users\adria\IdeaProjects\UwU\out\artifacts\Kalendarz_jar\.
Requires JDK:	No
Requires 64-Bit: Yes
Java min ver:	1.008.000
Java max ver:	1.009.000
Substitute:	JAVA_HOME = C:\Users\adria\AppData\Local\Programs\Eclipse Adoptium\jdk-17.0.9.9-hotspot\
Substitute:	PATH = C:\Program Files\Common Files\Oracle\Java\javapath;E:\lol\bin;C:\Program Files (x86)\Razer\ChromaBroadcast\bin;C:\Program Files\Razer\ChromaBroadcast\bin;C:\WINDOWS\system32;C:\WINDOWS;C:\WINDOWS\System32\Wbem;C:\WINDOWS\System32\WindowsPowerShell\v1.0\;C:\WINDOWS\System32\OpenSSH\;C:\Program Files\Wolfram Research\WolframScript\;C:\WINDOWS\system32\config\systemprofile\AppData\Local\Microsoft\WindowsApps;C:\Program Files\Git\cmd;C:\Users\adria\AppData\Roaming\TinyTeX\bin\windows;C:\Users\adria\AppData\Local\Programs\Eclipse Adoptium\jdk-17.0.9.9-hotspot\bin;C:\Users\adria\AppData\Local\Microsoft\WindowsApps;D:\Microsoft VS Code\bin;D:\ZESPOLR\miktex\bin\x64\;C:\Users\adria\AppData\Local\Programs\Eclipse Adoptium\jdk-17.0.9.9-hotspot\\bin
JRE paths:	C:\Users\adria\AppData\Local\Programs\Eclipse Adoptium\jdk-17.0.9.9-hotspot\;C:\Program Files\Common Files\Oracle\Java\javapath;E:\lol\bin;C:\Program Files (x86)\Razer\ChromaBroadcast\bin;C:\Program Files\Razer\ChromaBroadcast\bin;C:\WINDOWS\system32;C:\WINDOWS;C:\WINDOWS\System32\Wbem;C:\WINDOWS\System32\WindowsPowerShell\v1.0\;C:\WINDOWS\System32\OpenSSH\;C:\Program Files\Wolfram Research\WolframScript\;C:\WINDOWS\system32\config\systemprofile\AppData\Local\Microsoft\WindowsApps;C:\Program Files\Git\cmd;C:\Users\adria\AppData\Roaming\TinyTeX\bin\windows;C:\Users\adria\AppData\Local\Programs\Eclipse Adoptium\jdk-17.0.9.9-hotspot\bin;C:\Users\adria\AppData\Local\Microsoft\WindowsApps;D:\Microsoft VS Code\bin;D:\ZESPOLR\miktex\bin\x64\;C:\Users\adria\AppData\Local\Programs\Eclipse Adoptium\jdk-17.0.9.9-hotspot\\bin
Check launcher:	C:\Users\adria\AppData\Local\Programs\Eclipse Adoptium\jdk-17.0.9.9-hotspot\bin\javaw.exe (OK)
Version string: 1.017.000_009 / 64-Bit (Ignore)
Check launcher:	C:\Program Files\Common Files\Oracle\Java\javapath\bin\javaw.exe (not found)
Check launcher:	E:\lol\bin\javaw.exe (OK)
Version string: 1.021.000_001 / 64-Bit (Ignore)
Check launcher:	C:\Program Files (x86)\Razer\ChromaBroadcast\bin\javaw.exe (not found)
Check launcher:	C:\Program Files\Razer\ChromaBroadcast\bin\javaw.exe (not found)
Check launcher:	C:\WINDOWS\system32\bin\javaw.exe (not found)
Check launcher:	C:\WINDOWS\bin\javaw.exe (not found)
Check launcher:	C:\WINDOWS\System32\Wbem\bin\javaw.exe (not found)
Check launcher:	C:\WINDOWS\System32\WindowsPowerShell\v1.0\bin\javaw.exe (not found)
Check launcher:	C:\WINDOWS\System32\OpenSSH\bin\javaw.exe (not found)
Check launcher:	C:\Program Files\Wolfram Research\WolframScript\bin\javaw.exe (not found)
Check launcher:	C:\WINDOWS\system32\config\systemprofile\AppData\Local\Microsoft\WindowsApps\bin\javaw.exe (not found)
Check launcher:	C:\Program Files\Git\cmd\bin\javaw.exe (not found)
Check launcher:	C:\Users\adria\AppData\Roaming\TinyTeX\bin\windows\bin\javaw.exe (not found)
Check launcher:	C:\Users\adria\AppData\Local\Programs\Eclipse Adoptium\jdk-17.0.9.9-hotspot\bin\javaw.exe (OK)
Version string: 1.017.000_009 / 64-Bit (Ignore)
Check launcher:	C:\Users\adria\AppData\Local\Microsoft\WindowsApps\bin\javaw.exe (not found)
Check launcher:	D:\Microsoft VS Code\bin\javaw.exe (not found)
Check launcher:	D:\ZESPOLR\miktex\bin\x64\bin\javaw.exe (not found)
Check launcher:	C:\Users\adria\AppData\Local\Programs\Eclipse Adoptium\jdk-17.0.9.9-hotspot\bin\javaw.exe (OK)
Version string: 1.017.000_009 / 64-Bit (Ignore)
64-bit search:	SOFTWARE\JavaSoft\Java Runtime Environment...
64-bit search:	SOFTWARE\JavaSoft\Java Development Kit...
64-bit search:	SOFTWARE\JavaSoft\JRE...
64-bit search:	SOFTWARE\JavaSoft\JDK...
Check:		SOFTWARE\JavaSoft\JDK\21.0.3
Version string: 1.021.000_003 / 64-Bit (Ignore)
Ignore:		1.021.000_003
64-bit search:	SOFTWARE\IBM\Java Runtime Environment...
64-bit search:	SOFTWARE\IBM\Java Development Kit...
64-bit search:	SOFTWARE\IBM\Java2 Runtime Environment...
64-bit search:	SOFTWARE\IBM\Java Development Kit...
Error msg:	This application requires a Java Runtime Environment 1.8.0 - 1.9.0 (64-bit)


Version:	3.50
CmdLine:	C:\Users\adria\IdeaProjects\UwU\out\artifacts\Kalendarz_jar\Kalendarz.exe --l4j-debug
JNI:		No
WOW64:		Yes
Working dir:	C:\Users\adria\IdeaProjects\UwU\out\artifacts\Kalendarz_jar\.
Requires JDK:	No
Requires 64-Bit: Yes
Java min ver:	1.008.000
Java max ver:	1.009.000
Substitute:	JAVA_HOME = C:\Users\adria\AppData\Local\Programs\Eclipse Adoptium\jdk-17.0.9.9-hotspot\
Substitute:	PATH = C:\Program Files\Common Files\Oracle\Java\javapath;E:\lol\bin;C:\Program Files (x86)\Razer\ChromaBroadcast\bin;C:\Program Files\Razer\ChromaBroadcast\bin;C:\WINDOWS\system32;C:\WINDOWS;C:\WINDOWS\System32\Wbem;C:\WINDOWS\System32\WindowsPowerShell\v1.0\;C:\WINDOWS\System32\OpenSSH\;C:\Program Files\Wolfram Research\WolframScript\;C:\WINDOWS\system32\config\systemprofile\AppData\Local\Microsoft\WindowsApps;C:\Program Files\Git\cmd;C:\Users\adria\AppData\Roaming\TinyTeX\bin\windows;C:\Users\adria\AppData\Local\Programs\Eclipse Adoptium\jdk-17.0.9.9-hotspot\bin;C:\Users\adria\AppData\Local\Microsoft\WindowsApps;D:\Microsoft VS Code\bin;D:\ZESPOLR\miktex\bin\x64\;C:\Users\adria\AppData\Local\Programs\Eclipse Adoptium\jdk-17.0.9.9-hotspot\\bin
JRE paths:	C:\Users\adria\AppData\Local\Programs\Eclipse Adoptium\jdk-17.0.9.9-hotspot\;C:\Program Files\Common Files\Oracle\Java\javapath;E:\lol\bin;C:\Program Files (x86)\Razer\ChromaBroadcast\bin;C:\Program Files\Razer\ChromaBroadcast\bin;C:\WINDOWS\system32;C:\WINDOWS;C:\WINDOWS\System32\Wbem;C:\WINDOWS\System32\WindowsPowerShell\v1.0\;C:\WINDOWS\System32\OpenSSH\;C:\Program Files\Wolfram Research\WolframScript\;C:\WINDOWS\system32\config\systemprofile\AppData\Local\Microsoft\WindowsApps;C:\Program Files\Git\cmd;C:\Users\adria\AppData\Roaming\TinyTeX\bin\windows;C:\Users\adria\AppData\Local\Programs\Eclipse Adoptium\jdk-17.0.9.9-hotspot\bin;C:\Users\adria\AppData\Local\Microsoft\WindowsApps;D:\Microsoft VS Code\bin;D:\ZESPOLR\miktex\bin\x64\;C:\Users\adria\AppData\Local\Programs\Eclipse Adoptium\jdk-17.0.9.9-hotspot\\bin
Check launcher:	C:\Users\adria\AppData\Local\Programs\Eclipse Adoptium\jdk-17.0.9.9-hotspot\bin\javaw.exe (OK)
Version string: 1.017.000_009 / 64-Bit (Ignore)
Check launcher:	C:\Program Files\Common Files\Oracle\Java\javapath\bin\javaw.exe (not found)
Check launcher:	E:\lol\bin\javaw.exe (OK)
Version string: 1.021.000_001 / 64-Bit (Ignore)
Check launcher:	C:\Program Files (x86)\Razer\ChromaBroadcast\bin\javaw.exe (not found)
Check launcher:	C:\Program Files\Razer\ChromaBroadcast\bin\javaw.exe (not found)
Check launcher:	C:\WINDOWS\system32\bin\javaw.exe (not found)
Check launcher:	C:\WINDOWS\bin\javaw.exe (not found)
Check launcher:	C:\WINDOWS\System32\Wbem\bin\javaw.exe (not found)
Check launcher:	C:\WINDOWS\System32\WindowsPowerShell\v1.0\bin\javaw.exe (not found)
Check launcher:	C:\WINDOWS\System32\OpenSSH\bin\javaw.exe (not found)
Check launcher:	C:\Program Files\Wolfram Research\WolframScript\bin\javaw.exe (not found)
Check launcher:	C:\WINDOWS\system32\config\systemprofile\AppData\Local\Microsoft\WindowsApps\bin\javaw.exe (not found)
Check launcher:	C:\Program Files\Git\cmd\bin\javaw.exe (not found)
Check launcher:	C:\Users\adria\AppData\Roaming\TinyTeX\bin\windows\bin\javaw.exe (not found)
Check launcher:	C:\Users\adria\AppData\Local\Programs\Eclipse Adoptium\jdk-17.0.9.9-hotspot\bin\javaw.exe (OK)
Version string: 1.017.000_009 / 64-Bit (Ignore)
Check launcher:	C:\Users\adria\AppData\Local\Microsoft\WindowsApps\bin\javaw.exe (not found)
Check launcher:	D:\Microsoft VS Code\bin\javaw.exe (not found)
Check launcher:	D:\ZESPOLR\miktex\bin\x64\bin\javaw.exe (not found)
Check launcher:	C:\Users\adria\AppData\Local\Programs\Eclipse Adoptium\jdk-17.0.9.9-hotspot\bin\javaw.exe (OK)
Version string: 1.017.000_009 / 64-Bit (Ignore)
64-bit search:	SOFTWARE\JavaSoft\Java Runtime Environment...
64-bit search:	SOFTWARE\JavaSoft\Java Development Kit...
64-bit search:	SOFTWARE\JavaSoft\JRE...
64-bit search:	SOFTWARE\JavaSoft\JDK...
Check:		SOFTWARE\JavaSoft\JDK\21.0.3
Version string: 1.021.000_003 / 64-Bit (Ignore)
Ignore:		1.021.000_003
64-bit search:	SOFTWARE\IBM\Java Runtime Environment...
64-bit search:	SOFTWARE\IBM\Java Development Kit...
64-bit search:	SOFTWARE\IBM\Java2 Runtime Environment...
64-bit search:	SOFTWARE\IBM\Java Development Kit...
Error msg:	This application requires a Java Runtime Environment 1.8.0 - 1.9.0 (64-bit)


Version:	3.50
CmdLine:	C:\Users\adria\IdeaProjects\UwU\out\artifacts\Kalendarz_jar\Kalendarz.exe --l4j-debug
JNI:		No
WOW64:		Yes
Working dir:	C:\Users\adria\IdeaProjects\UwU\out\artifacts\Kalendarz_jar\.
Requires JDK:	No
Requires 64-Bit: Yes
Java min ver:	1.008.000
Java max ver:	1.009.000
Substitute:	JAVA_HOME = C:\Users\adria\AppData\Local\Programs\Eclipse Adoptium\jdk-17.0.9.9-hotspot\
Substitute:	PATH = C:\Program Files\Common Files\Oracle\Java\javapath;E:\lol\bin;C:\Program Files (x86)\Razer\ChromaBroadcast\bin;C:\Program Files\Razer\ChromaBroadcast\bin;C:\WINDOWS\system32;C:\WINDOWS;C:\WINDOWS\System32\Wbem;C:\WINDOWS\System32\WindowsPowerShell\v1.0\;C:\WINDOWS\System32\OpenSSH\;C:\Program Files\Wolfram Research\WolframScript\;C:\WINDOWS\system32\config\systemprofile\AppData\Local\Microsoft\WindowsApps;C:\Program Files\Git\cmd;C:\Users\adria\AppData\Roaming\TinyTeX\bin\windows;C:\Users\adria\AppData\Local\Programs\Eclipse Adoptium\jdk-17.0.9.9-hotspot\bin;C:\Users\adria\AppData\Local\Microsoft\WindowsApps;D:\Microsoft VS Code\bin;D:\ZESPOLR\miktex\bin\x64\;C:\Users\adria\AppData\Local\Programs\Eclipse Adoptium\jdk-17.0.9.9-hotspot\\bin
JRE paths:	C:\Users\adria\AppData\Local\Programs\Eclipse Adoptium\jdk-17.0.9.9-hotspot\;C:\Program Files\Common Files\Oracle\Java\javapath;E:\lol\bin;C:\Program Files (x86)\Razer\ChromaBroadcast\bin;C:\Program Files\Razer\ChromaBroadcast\bin;C:\WINDOWS\system32;C:\WINDOWS;C:\WINDOWS\System32\Wbem;C:\WINDOWS\System32\WindowsPowerShell\v1.0\;C:\WINDOWS\System32\OpenSSH\;C:\Program Files\Wolfram Research\WolframScript\;C:\WINDOWS\system32\config\systemprofile\AppData\Local\Microsoft\WindowsApps;C:\Program Files\Git\cmd;C:\Users\adria\AppData\Roaming\TinyTeX\bin\windows;C:\Users\adria\AppData\Local\Programs\Eclipse Adoptium\jdk-17.0.9.9-hotspot\bin;C:\Users\adria\AppData\Local\Microsoft\WindowsApps;D:\Microsoft VS Code\bin;D:\ZESPOLR\miktex\bin\x64\;C:\Users\adria\AppData\Local\Programs\Eclipse Adoptium\jdk-17.0.9.9-hotspot\\bin
Check launcher:	C:\Users\adria\AppData\Local\Programs\Eclipse Adoptium\jdk-17.0.9.9-hotspot\bin\javaw.exe (OK)
Version string: 1.017.000_009 / 64-Bit (Ignore)
Check launcher:	C:\Program Files\Common Files\Oracle\Java\javapath\bin\javaw.exe (not found)
Check launcher:	E:\lol\bin\javaw.exe (OK)
Version string: 1.021.000_001 / 64-Bit (Ignore)
Check launcher:	C:\Program Files (x86)\Razer\ChromaBroadcast\bin\javaw.exe (not found)
Check launcher:	C:\Program Files\Razer\ChromaBroadcast\bin\javaw.exe (not found)
Check launcher:	C:\WINDOWS\system32\bin\javaw.exe (not found)
Check launcher:	C:\WINDOWS\bin\javaw.exe (not found)
Check launcher:	C:\WINDOWS\System32\Wbem\bin\javaw.exe (not found)
Check launcher:	C:\WINDOWS\System32\WindowsPowerShell\v1.0\bin\javaw.exe (not found)
Check launcher:	C:\WINDOWS\System32\OpenSSH\bin\javaw.exe (not found)
Check launcher:	C:\Program Files\Wolfram Research\WolframScript\bin\javaw.exe (not found)
Check launcher:	C:\WINDOWS\system32\config\systemprofile\AppData\Local\Microsoft\WindowsApps\bin\javaw.exe (not found)
Check launcher:	C:\Program Files\Git\cmd\bin\javaw.exe (not found)
Check launcher:	C:\Users\adria\AppData\Roaming\TinyTeX\bin\windows\bin\javaw.exe (not found)
Check launcher:	C:\Users\adria\AppData\Local\Programs\Eclipse Adoptium\jdk-17.0.9.9-hotspot\bin\javaw.exe (OK)
Version string: 1.017.000_009 / 64-Bit (Ignore)
Check launcher:	C:\Users\adria\AppData\Local\Microsoft\WindowsApps\bin\javaw.exe (not found)
Check launcher:	D:\Microsoft VS Code\bin\javaw.exe (not found)
Check launcher:	D:\ZESPOLR\miktex\bin\x64\bin\javaw.exe (not found)
Check launcher:	C:\Users\adria\AppData\Local\Programs\Eclipse Adoptium\jdk-17.0.9.9-hotspot\bin\javaw.exe (OK)
Version string: 1.017.000_009 / 64-Bit (Ignore)
64-bit search:	SOFTWARE\JavaSoft\Java Runtime Environment...
64-bit search:	SOFTWARE\JavaSoft\Java Development Kit...
64-bit search:	SOFTWARE\JavaSoft\JRE...
64-bit search:	SOFTWARE\JavaSoft\JDK...
Check:		SOFTWARE\JavaSoft\JDK\21.0.3
Version string: 1.021.000_003 / 64-Bit (Ignore)
Ignore:		1.021.000_003
64-bit search:	SOFTWARE\IBM\Java Runtime Environment...
64-bit search:	SOFTWARE\IBM\Java Development Kit...
64-bit search:	SOFTWARE\IBM\Java2 Runtime Environment...
64-bit search:	SOFTWARE\IBM\Java Development Kit...
Error msg:	This application requires a Java Runtime Environment 1.8.0 - 1.9.0 (64-bit)


Version:	3.50
CmdLine:	C:\Users\adria\IdeaProjects\UwU\out\artifacts\Kalendarz_jar\Kalendarz.exe --l4j-debug
JNI:		No
WOW64:		Yes
Working dir:	C:\Users\adria\IdeaProjects\UwU\out\artifacts\Kalendarz_jar\.
Requires JDK:	No
Requires 64-Bit: Yes
Java min ver:	1.008.000
Java max ver:	1.009.000
Substitute:	JAVA_HOME = C:\Users\adria\AppData\Local\Programs\Eclipse Adoptium\jdk-17.0.9.9-hotspot\
Substitute:	PATH = C:\Program Files\Common Files\Oracle\Java\javapath;E:\lol\bin;C:\Program Files (x86)\Razer\ChromaBroadcast\bin;C:\Program Files\Razer\ChromaBroadcast\bin;C:\WINDOWS\system32;C:\WINDOWS;C:\WINDOWS\System32\Wbem;C:\WINDOWS\System32\WindowsPowerShell\v1.0\;C:\WINDOWS\System32\OpenSSH\;C:\Program Files\Wolfram Research\WolframScript\;C:\WINDOWS\system32\config\systemprofile\AppData\Local\Microsoft\WindowsApps;C:\Program Files\Git\cmd;C:\Users\adria\AppData\Roaming\TinyTeX\bin\windows;C:\Users\adria\AppData\Local\Programs\Eclipse Adoptium\jdk-17.0.9.9-hotspot\bin;C:\Users\adria\AppData\Local\Microsoft\WindowsApps;D:\Microsoft VS Code\bin;D:\ZESPOLR\miktex\bin\x64\;C:\Users\adria\AppData\Local\Programs\Eclipse Adoptium\jdk-17.0.9.9-hotspot\\bin
JRE paths:	C:\Users\adria\AppData\Local\Programs\Eclipse Adoptium\jdk-17.0.9.9-hotspot\;C:\Program Files\Common Files\Oracle\Java\javapath;E:\lol\bin;C:\Program Files (x86)\Razer\ChromaBroadcast\bin;C:\Program Files\Razer\ChromaBroadcast\bin;C:\WINDOWS\system32;C:\WINDOWS;C:\WINDOWS\System32\Wbem;C:\WINDOWS\System32\WindowsPowerShell\v1.0\;C:\WINDOWS\System32\OpenSSH\;C:\Program Files\Wolfram Research\WolframScript\;C:\WINDOWS\system32\config\systemprofile\AppData\Local\Microsoft\WindowsApps;C:\Program Files\Git\cmd;C:\Users\adria\AppData\Roaming\TinyTeX\bin\windows;C:\Users\adria\AppData\Local\Programs\Eclipse Adoptium\jdk-17.0.9.9-hotspot\bin;C:\Users\adria\AppData\Local\Microsoft\WindowsApps;D:\Microsoft VS Code\bin;D:\ZESPOLR\miktex\bin\x64\;C:\Users\adria\AppData\Local\Programs\Eclipse Adoptium\jdk-17.0.9.9-hotspot\\bin
Check launcher:	C:\Users\adria\AppData\Local\Programs\Eclipse Adoptium\jdk-17.0.9.9-hotspot\bin\javaw.exe (OK)
Version string: 1.017.000_009 / 64-Bit (Ignore)
Check launcher:	C:\Program Files\Common Files\Oracle\Java\javapath\bin\javaw.exe (not found)
Check launcher:	E:\lol\bin\javaw.exe (OK)
Version string: 1.021.000_001 / 64-Bit (Ignore)
Check launcher:	C:\Program Files (x86)\Razer\ChromaBroadcast\bin\javaw.exe (not found)
Check launcher:	C:\Program Files\Razer\ChromaBroadcast\bin\javaw.exe (not found)
Check launcher:	C:\WINDOWS\system32\bin\javaw.exe (not found)
Check launcher:	C:\WINDOWS\bin\javaw.exe (not found)
Check launcher:	C:\WINDOWS\System32\Wbem\bin\javaw.exe (not found)
Check launcher:	C:\WINDOWS\System32\WindowsPowerShell\v1.0\bin\javaw.exe (not found)
Check launcher:	C:\WINDOWS\System32\OpenSSH\bin\javaw.exe (not found)
Check launcher:	C:\Program Files\Wolfram Research\WolframScript\bin\javaw.exe (not found)
Check launcher:	C:\WINDOWS\system32\config\systemprofile\AppData\Local\Microsoft\WindowsApps\bin\javaw.exe (not found)
Check launcher:	C:\Program Files\Git\cmd\bin\javaw.exe (not found)
Check launcher:	C:\Users\adria\AppData\Roaming\TinyTeX\bin\windows\bin\javaw.exe (not found)
Check launcher:	C:\Users\adria\AppData\Local\Programs\Eclipse Adoptium\jdk-17.0.9.9-hotspot\bin\javaw.exe (OK)
Version string: 1.017.000_009 / 64-Bit (Ignore)
Check launcher:	C:\Users\adria\AppData\Local\Microsoft\WindowsApps\bin\javaw.exe (not found)
Check launcher:	D:\Microsoft VS Code\bin\javaw.exe (not found)
Check launcher:	D:\ZESPOLR\miktex\bin\x64\bin\javaw.exe (not found)
Check launcher:	C:\Users\adria\AppData\Local\Programs\Eclipse Adoptium\jdk-17.0.9.9-hotspot\bin\javaw.exe (OK)
Version string: 1.017.000_009 / 64-Bit (Ignore)
64-bit search:	SOFTWARE\JavaSoft\Java Runtime Environment...
64-bit search:	SOFTWARE\JavaSoft\Java Development Kit...
64-bit search:	SOFTWARE\JavaSoft\JRE...
64-bit search:	SOFTWARE\JavaSoft\JDK...
Check:		SOFTWARE\JavaSoft\JDK\21.0.3
Version string: 1.021.000_003 / 64-Bit (Ignore)
Ignore:		1.021.000_003
64-bit search:	SOFTWARE\IBM\Java Runtime Environment...
64-bit search:	SOFTWARE\IBM\Java Development Kit...
64-bit search:	SOFTWARE\IBM\Java2 Runtime Environment...
64-bit search:	SOFTWARE\IBM\Java Development Kit...
Error msg:	This application requires a Java Runtime Environment 1.8.0 - 1.9.0 (64-bit)


Version:	3.50
CmdLine:	C:\Users\adria\IdeaProjects\UwU\out\artifacts\Kalendarz_jar\Kalendarz.exe --l4j-debug
JNI:		No
WOW64:		Yes
Working dir:	C:\Users\adria\IdeaProjects\UwU\out\artifacts\Kalendarz_jar\.
Requires JDK:	No
Requires 64-Bit: Yes
Java min ver:	1.008.000
Java max ver:	1.009.000
Substitute:	JAVA_HOME = C:\Users\adria\AppData\Local\Programs\Eclipse Adoptium\jdk-17.0.9.9-hotspot\
Substitute:	PATH = C:\Program Files\Common Files\Oracle\Java\javapath;E:\lol\bin;C:\Program Files (x86)\Razer\ChromaBroadcast\bin;C:\Program Files\Razer\ChromaBroadcast\bin;C:\WINDOWS\system32;C:\WINDOWS;C:\WINDOWS\System32\Wbem;C:\WINDOWS\System32\WindowsPowerShell\v1.0\;C:\WINDOWS\System32\OpenSSH\;C:\Program Files\Wolfram Research\WolframScript\;C:\WINDOWS\system32\config\systemprofile\AppData\Local\Microsoft\WindowsApps;C:\Program Files\Git\cmd;C:\Users\adria\AppData\Roaming\TinyTeX\bin\windows;C:\Users\adria\AppData\Local\Programs\Eclipse Adoptium\jdk-17.0.9.9-hotspot\bin;C:\Users\adria\AppData\Local\Microsoft\WindowsApps;D:\Microsoft VS Code\bin;D:\ZESPOLR\miktex\bin\x64\;C:\Users\adria\AppData\Local\Programs\Eclipse Adoptium\jdk-17.0.9.9-hotspot\\bin
JRE paths:	C:\Users\adria\AppData\Local\Programs\Eclipse Adoptium\jdk-17.0.9.9-hotspot\;C:\Program Files\Common Files\Oracle\Java\javapath;E:\lol\bin;C:\Program Files (x86)\Razer\ChromaBroadcast\bin;C:\Program Files\Razer\ChromaBroadcast\bin;C:\WINDOWS\system32;C:\WINDOWS;C:\WINDOWS\System32\Wbem;C:\WINDOWS\System32\WindowsPowerShell\v1.0\;C:\WINDOWS\System32\OpenSSH\;C:\Program Files\Wolfram Research\WolframScript\;C:\WINDOWS\system32\config\systemprofile\AppData\Local\Microsoft\WindowsApps;C:\Program Files\Git\cmd;C:\Users\adria\AppData\Roaming\TinyTeX\bin\windows;C:\Users\adria\AppData\Local\Programs\Eclipse Adoptium\jdk-17.0.9.9-hotspot\bin;C:\Users\adria\AppData\Local\Microsoft\WindowsApps;D:\Microsoft VS Code\bin;D:\ZESPOLR\miktex\bin\x64\;C:\Users\adria\AppData\Local\Programs\Eclipse Adoptium\jdk-17.0.9.9-hotspot\\bin
Check launcher:	C:\Users\adria\AppData\Local\Programs\Eclipse Adoptium\jdk-17.0.9.9-hotspot\bin\javaw.exe (OK)
Version string: 1.017.000_009 / 64-Bit (Ignore)
Check launcher:	C:\Program Files\Common Files\Oracle\Java\javapath\bin\javaw.exe (not found)
Check launcher:	E:\lol\bin\javaw.exe (OK)
Version string: 1.021.000_001 / 64-Bit (Ignore)
Check launcher:	C:\Program Files (x86)\Razer\ChromaBroadcast\bin\javaw.exe (not found)
Check launcher:	C:\Program Files\Razer\ChromaBroadcast\bin\javaw.exe (not found)
Check launcher:	C:\WINDOWS\system32\bin\javaw.exe (not found)
Check launcher:	C:\WINDOWS\bin\javaw.exe (not found)
Check launcher:	C:\WINDOWS\System32\Wbem\bin\javaw.exe (not found)
Check launcher:	C:\WINDOWS\System32\WindowsPowerShell\v1.0\bin\javaw.exe (not found)
Check launcher:	C:\WINDOWS\System32\OpenSSH\bin\javaw.exe (not found)
Check launcher:	C:\Program Files\Wolfram Research\WolframScript\bin\javaw.exe (not found)
Check launcher:	C:\WINDOWS\system32\config\systemprofile\AppData\Local\Microsoft\WindowsApps\bin\javaw.exe (not found)
Check launcher:	C:\Program Files\Git\cmd\bin\javaw.exe (not found)
Check launcher:	C:\Users\adria\AppData\Roaming\TinyTeX\bin\windows\bin\javaw.exe (not found)
Check launcher:	C:\Users\adria\AppData\Local\Programs\Eclipse Adoptium\jdk-17.0.9.9-hotspot\bin\javaw.exe (OK)
Version string: 1.017.000_009 / 64-Bit (Ignore)
Check launcher:	C:\Users\adria\AppData\Local\Microsoft\WindowsApps\bin\javaw.exe (not found)
Check launcher:	D:\Microsoft VS Code\bin\javaw.exe (not found)
Check launcher:	D:\ZESPOLR\miktex\bin\x64\bin\javaw.exe (not found)
Check launcher:	C:\Users\adria\AppData\Local\Programs\Eclipse Adoptium\jdk-17.0.9.9-hotspot\bin\javaw.exe (OK)
Version string: 1.017.000_009 / 64-Bit (Ignore)
64-bit search:	SOFTWARE\JavaSoft\Java Runtime Environment...
64-bit search:	SOFTWARE\JavaSoft\Java Development Kit...
64-bit search:	SOFTWARE\JavaSoft\JRE...
64-bit search:	SOFTWARE\JavaSoft\JDK...
Check:		SOFTWARE\JavaSoft\JDK\21.0.3
Version string: 1.021.000_003 / 64-Bit (Ignore)
Ignore:		1.021.000_003
64-bit search:	SOFTWARE\IBM\Java Runtime Environment...
64-bit search:	SOFTWARE\IBM\Java Development Kit...
64-bit search:	SOFTWARE\IBM\Java2 Runtime Environment...
64-bit search:	SOFTWARE\IBM\Java Development Kit...
Error msg:	This application requires a Java Runtime Environment 1.8.0 - 1.9.0 (64-bit)


Version:	3.50
CmdLine:	C:\Users\adria\IdeaProjects\UwU\out\artifacts\Kalendarz_jar\Kalendarz.exe --l4j-debug
JNI:		No
WOW64:		Yes
Working dir:	C:\Users\adria\IdeaProjects\UwU\out\artifacts\Kalendarz_jar\.
Requires JDK:	No
Requires 64-Bit: Yes
Java min ver:	1.008.000
Java max ver:	1.009.000
Substitute:	JAVA_HOME = C:\Users\adria\AppData\Local\Programs\Eclipse Adoptium\jdk-17.0.9.9-hotspot\
Substitute:	PATH = C:\Program Files\Common Files\Oracle\Java\javapath;E:\lol\bin;C:\Program Files (x86)\Razer\ChromaBroadcast\bin;C:\Program Files\Razer\ChromaBroadcast\bin;C:\WINDOWS\system32;C:\WINDOWS;C:\WINDOWS\System32\Wbem;C:\WINDOWS\System32\WindowsPowerShell\v1.0\;C:\WINDOWS\System32\OpenSSH\;C:\Program Files\Wolfram Research\WolframScript\;C:\WINDOWS\system32\config\systemprofile\AppData\Local\Microsoft\WindowsApps;C:\Program Files\Git\cmd;C:\Users\adria\AppData\Roaming\TinyTeX\bin\windows;C:\Users\adria\AppData\Local\Programs\Eclipse Adoptium\jdk-17.0.9.9-hotspot\bin;C:\Users\adria\AppData\Local\Microsoft\WindowsApps;D:\Microsoft VS Code\bin;D:\ZESPOLR\miktex\bin\x64\;C:\Users\adria\AppData\Local\Programs\Eclipse Adoptium\jdk-17.0.9.9-hotspot\\bin
JRE paths:	C:\Users\adria\AppData\Local\Programs\Eclipse Adoptium\jdk-17.0.9.9-hotspot\;C:\Program Files\Common Files\Oracle\Java\javapath;E:\lol\bin;C:\Program Files (x86)\Razer\ChromaBroadcast\bin;C:\Program Files\Razer\ChromaBroadcast\bin;C:\WINDOWS\system32;C:\WINDOWS;C:\WINDOWS\System32\Wbem;C:\WINDOWS\System32\WindowsPowerShell\v1.0\;C:\WINDOWS\System32\OpenSSH\;C:\Program Files\Wolfram Research\WolframScript\;C:\WINDOWS\system32\config\systemprofile\AppData\Local\Microsoft\WindowsApps;C:\Program Files\Git\cmd;C:\Users\adria\AppData\Roaming\TinyTeX\bin\windows;C:\Users\adria\AppData\Local\Programs\Eclipse Adoptium\jdk-17.0.9.9-hotspot\bin;C:\Users\adria\AppData\Local\Microsoft\WindowsApps;D:\Microsoft VS Code\bin;D:\ZESPOLR\miktex\bin\x64\;C:\Users\adria\AppData\Local\Programs\Eclipse Adoptium\jdk-17.0.9.9-hotspot\\bin
Check launcher:	C:\Users\adria\AppData\Local\Programs\Eclipse Adoptium\jdk-17.0.9.9-hotspot\bin\javaw.exe (OK)
Version string: 1.017.000_009 / 64-Bit (Ignore)
Check launcher:	C:\Program Files\Common Files\Oracle\Java\javapath\bin\javaw.exe (not found)
Check launcher:	E:\lol\bin\javaw.exe (OK)
Version string: 1.021.000_001 / 64-Bit (Ignore)
Check launcher:	C:\Program Files (x86)\Razer\ChromaBroadcast\bin\javaw.exe (not found)
Check launcher:	C:\Program Files\Razer\ChromaBroadcast\bin\javaw.exe (not found)
Check launcher:	C:\WINDOWS\system32\bin\javaw.exe (not found)
Check launcher:	C:\WINDOWS\bin\javaw.exe (not found)
Check launcher:	C:\WINDOWS\System32\Wbem\bin\javaw.exe (not found)
Check launcher:	C:\WINDOWS\System32\WindowsPowerShell\v1.0\bin\javaw.exe (not found)
Check launcher:	C:\WINDOWS\System32\OpenSSH\bin\javaw.exe (not found)
Check launcher:	C:\Program Files\Wolfram Research\WolframScript\bin\javaw.exe (not found)
Check launcher:	C:\WINDOWS\system32\config\systemprofile\AppData\Local\Microsoft\WindowsApps\bin\javaw.exe (not found)
Check launcher:	C:\Program Files\Git\cmd\bin\javaw.exe (not found)
Check launcher:	C:\Users\adria\AppData\Roaming\TinyTeX\bin\windows\bin\javaw.exe (not found)
Check launcher:	C:\Users\adria\AppData\Local\Programs\Eclipse Adoptium\jdk-17.0.9.9-hotspot\bin\javaw.exe (OK)
Version string: 1.017.000_009 / 64-Bit (Ignore)
Check launcher:	C:\Users\adria\AppData\Local\Microsoft\WindowsApps\bin\javaw.exe (not found)
Check launcher:	D:\Microsoft VS Code\bin\javaw.exe (not found)
Check launcher:	D:\ZESPOLR\miktex\bin\x64\bin\javaw.exe (not found)
Check launcher:	C:\Users\adria\AppData\Local\Programs\Eclipse Adoptium\jdk-17.0.9.9-hotspot\bin\javaw.exe (OK)
Version string: 1.017.000_009 / 64-Bit (Ignore)
64-bit search:	SOFTWARE\JavaSoft\Java Runtime Environment...
64-bit search:	SOFTWARE\JavaSoft\Java Development Kit...
64-bit search:	SOFTWARE\JavaSoft\JRE...
64-bit search:	SOFTWARE\JavaSoft\JDK...
Check:		SOFTWARE\JavaSoft\JDK\21.0.3
Version string: 1.021.000_003 / 64-Bit (Ignore)
Ignore:		1.021.000_003
64-bit search:	SOFTWARE\IBM\Java Runtime Environment...
64-bit search:	SOFTWARE\IBM\Java Development Kit...
64-bit search:	SOFTWARE\IBM\Java2 Runtime Environment...
64-bit search:	SOFTWARE\IBM\Java Development Kit...
Error msg:	This application requires a Java Runtime Environment 1.8.0 - 1.9.0 (64-bit)


Version:	3.50
CmdLine:	C:\Users\adria\IdeaProjects\UwU\out\artifacts\Kalendarz_jar\Kalendarz.exe --l4j-debug
JNI:		No
WOW64:		Yes
Working dir:	C:\Users\adria\IdeaProjects\UwU\out\artifacts\Kalendarz_jar\.
Requires JDK:	No
Requires 64-Bit: Yes
Java min ver:	1.008.000
Java max ver:	1.009.000
Substitute:	JAVA_HOME = C:\Users\adria\AppData\Local\Programs\Eclipse Adoptium\jdk-17.0.9.9-hotspot\
Substitute:	PATH = C:\Program Files\Common Files\Oracle\Java\javapath;E:\lol\bin;C:\Program Files (x86)\Razer\ChromaBroadcast\bin;C:\Program Files\Razer\ChromaBroadcast\bin;C:\WINDOWS\system32;C:\WINDOWS;C:\WINDOWS\System32\Wbem;C:\WINDOWS\System32\WindowsPowerShell\v1.0\;C:\WINDOWS\System32\OpenSSH\;C:\Program Files\Wolfram Research\WolframScript\;C:\WINDOWS\system32\config\systemprofile\AppData\Local\Microsoft\WindowsApps;C:\Program Files\Git\cmd;C:\Users\adria\AppData\Roaming\TinyTeX\bin\windows;C:\Users\adria\AppData\Local\Programs\Eclipse Adoptium\jdk-17.0.9.9-hotspot\bin;C:\Users\adria\AppData\Local\Microsoft\WindowsApps;D:\Microsoft VS Code\bin;D:\ZESPOLR\miktex\bin\x64\;C:\Users\adria\AppData\Local\Programs\Eclipse Adoptium\jdk-17.0.9.9-hotspot\\bin
JRE paths:	C:\Users\adria\AppData\Local\Programs\Eclipse Adoptium\jdk-17.0.9.9-hotspot\;C:\Program Files\Common Files\Oracle\Java\javapath;E:\lol\bin;C:\Program Files (x86)\Razer\ChromaBroadcast\bin;C:\Program Files\Razer\ChromaBroadcast\bin;C:\WINDOWS\system32;C:\WINDOWS;C:\WINDOWS\System32\Wbem;C:\WINDOWS\System32\WindowsPowerShell\v1.0\;C:\WINDOWS\System32\OpenSSH\;C:\Program Files\Wolfram Research\WolframScript\;C:\WINDOWS\system32\config\systemprofile\AppData\Local\Microsoft\WindowsApps;C:\Program Files\Git\cmd;C:\Users\adria\AppData\Roaming\TinyTeX\bin\windows;C:\Users\adria\AppData\Local\Programs\Eclipse Adoptium\jdk-17.0.9.9-hotspot\bin;C:\Users\adria\AppData\Local\Microsoft\WindowsApps;D:\Microsoft VS Code\bin;D:\ZESPOLR\miktex\bin\x64\;C:\Users\adria\AppData\Local\Programs\Eclipse Adoptium\jdk-17.0.9.9-hotspot\\bin
Check launcher:	C:\Users\adria\AppData\Local\Programs\Eclipse Adoptium\jdk-17.0.9.9-hotspot\bin\javaw.exe (OK)
Version string: 1.017.000_009 / 64-Bit (Ignore)
Check launcher:	C:\Program Files\Common Files\Oracle\Java\javapath\bin\javaw.exe (not found)
Check launcher:	E:\lol\bin\javaw.exe (OK)
Version string: 1.021.000_001 / 64-Bit (Ignore)
Check launcher:	C:\Program Files (x86)\Razer\ChromaBroadcast\bin\javaw.exe (not found)
Check launcher:	C:\Program Files\Razer\ChromaBroadcast\bin\javaw.exe (not found)
Check launcher:	C:\WINDOWS\system32\bin\javaw.exe (not found)
Check launcher:	C:\WINDOWS\bin\javaw.exe (not found)
Check launcher:	C:\WINDOWS\System32\Wbem\bin\javaw.exe (not found)
Check launcher:	C:\WINDOWS\System32\WindowsPowerShell\v1.0\bin\javaw.exe (not found)
Check launcher:	C:\WINDOWS\System32\OpenSSH\bin\javaw.exe (not found)
Check launcher:	C:\Program Files\Wolfram Research\WolframScript\bin\javaw.exe (not found)
Check launcher:	C:\WINDOWS\system32\config\systemprofile\AppData\Local\Microsoft\WindowsApps\bin\javaw.exe (not found)
Check launcher:	C:\Program Files\Git\cmd\bin\javaw.exe (not found)
Check launcher:	C:\Users\adria\AppData\Roaming\TinyTeX\bin\windows\bin\javaw.exe (not found)
Check launcher:	C:\Users\adria\AppData\Local\Programs\Eclipse Adoptium\jdk-17.0.9.9-hotspot\bin\javaw.exe (OK)
Version string: 1.017.000_009 / 64-Bit (Ignore)
Check launcher:	C:\Users\adria\AppData\Local\Microsoft\WindowsApps\bin\javaw.exe (not found)
Check launcher:	D:\Microsoft VS Code\bin\javaw.exe (not found)
Check launcher:	D:\ZESPOLR\miktex\bin\x64\bin\javaw.exe (not found)
Check launcher:	C:\Users\adria\AppData\Local\Programs\Eclipse Adoptium\jdk-17.0.9.9-hotspot\bin\javaw.exe (OK)
Version string: 1.017.000_009 / 64-Bit (Ignore)
64-bit search:	SOFTWARE\JavaSoft\Java Runtime Environment...
64-bit search:	SOFTWARE\JavaSoft\Java Development Kit...
64-bit search:	SOFTWARE\JavaSoft\JRE...
64-bit search:	SOFTWARE\JavaSoft\JDK...
Check:		SOFTWARE\JavaSoft\JDK\21.0.3
Version string: 1.021.000_003 / 64-Bit (Ignore)
Ignore:		1.021.000_003
64-bit search:	SOFTWARE\IBM\Java Runtime Environment...
64-bit search:	SOFTWARE\IBM\Java Development Kit...
64-bit search:	SOFTWARE\IBM\Java2 Runtime Environment...
64-bit search:	SOFTWARE\IBM\Java Development Kit...
Error msg:	This application requires a Java Runtime Environment 1.8.0 - 1.9.0 (64-bit)


Version:	3.50
CmdLine:	C:\Users\adria\IdeaProjects\UwU\out\artifacts\Kalendarz_jar\Kalendarz.exe --l4j-debug
JNI:		No
WOW64:		Yes
Working dir:	C:\Users\adria\IdeaProjects\UwU\out\artifacts\Kalendarz_jar\.
Requires JDK:	No
Requires 64-Bit: Yes
Java min ver:	1.008.000
Java max ver:	1.009.000
Substitute:	JAVA_HOME = C:\Users\adria\AppData\Local\Programs\Eclipse Adoptium\jdk-17.0.9.9-hotspot\
Substitute:	PATH = C:\Program Files\Common Files\Oracle\Java\javapath;E:\lol\bin;C:\Program Files (x86)\Razer\ChromaBroadcast\bin;C:\Program Files\Razer\ChromaBroadcast\bin;C:\WINDOWS\system32;C:\WINDOWS;C:\WINDOWS\System32\Wbem;C:\WINDOWS\System32\WindowsPowerShell\v1.0\;C:\WINDOWS\System32\OpenSSH\;C:\Program Files\Wolfram Research\WolframScript\;C:\WINDOWS\system32\config\systemprofile\AppData\Local\Microsoft\WindowsApps;C:\Program Files\Git\cmd;C:\Users\adria\AppData\Roaming\TinyTeX\bin\windows;C:\Users\adria\AppData\Local\Programs\Eclipse Adoptium\jdk-17.0.9.9-hotspot\bin;C:\Users\adria\AppData\Local\Microsoft\WindowsApps;D:\Microsoft VS Code\bin;D:\ZESPOLR\miktex\bin\x64\;C:\Users\adria\AppData\Local\Programs\Eclipse Adoptium\jdk-17.0.9.9-hotspot\\bin
JRE paths:	C:\Users\adria\AppData\Local\Programs\Eclipse Adoptium\jdk-17.0.9.9-hotspot\;C:\Program Files\Common Files\Oracle\Java\javapath;E:\lol\bin;C:\Program Files (x86)\Razer\ChromaBroadcast\bin;C:\Program Files\Razer\ChromaBroadcast\bin;C:\WINDOWS\system32;C:\WINDOWS;C:\WINDOWS\System32\Wbem;C:\WINDOWS\System32\WindowsPowerShell\v1.0\;C:\WINDOWS\System32\OpenSSH\;C:\Program Files\Wolfram Research\WolframScript\;C:\WINDOWS\system32\config\systemprofile\AppData\Local\Microsoft\WindowsApps;C:\Program Files\Git\cmd;C:\Users\adria\AppData\Roaming\TinyTeX\bin\windows;C:\Users\adria\AppData\Local\Programs\Eclipse Adoptium\jdk-17.0.9.9-hotspot\bin;C:\Users\adria\AppData\Local\Microsoft\WindowsApps;D:\Microsoft VS Code\bin;D:\ZESPOLR\miktex\bin\x64\;C:\Users\adria\AppData\Local\Programs\Eclipse Adoptium\jdk-17.0.9.9-hotspot\\bin
Check launcher:	C:\Users\adria\AppData\Local\Programs\Eclipse Adoptium\jdk-17.0.9.9-hotspot\bin\javaw.exe (OK)
Version string: 1.017.000_009 / 64-Bit (Ignore)
Check launcher:	C:\Program Files\Common Files\Oracle\Java\javapath\bin\javaw.exe (not found)
Check launcher:	E:\lol\bin\javaw.exe (OK)
Version string: 1.021.000_001 / 64-Bit (Ignore)
Check launcher:	C:\Program Files (x86)\Razer\ChromaBroadcast\bin\javaw.exe (not found)
Check launcher:	C:\Program Files\Razer\ChromaBroadcast\bin\javaw.exe (not found)
Check launcher:	C:\WINDOWS\system32\bin\javaw.exe (not found)
Check launcher:	C:\WINDOWS\bin\javaw.exe (not found)
Check launcher:	C:\WINDOWS\System32\Wbem\bin\javaw.exe (not found)
Check launcher:	C:\WINDOWS\System32\WindowsPowerShell\v1.0\bin\javaw.exe (not found)
Check launcher:	C:\WINDOWS\System32\OpenSSH\bin\javaw.exe (not found)
Check launcher:	C:\Program Files\Wolfram Research\WolframScript\bin\javaw.exe (not found)
Check launcher:	C:\WINDOWS\system32\config\systemprofile\AppData\Local\Microsoft\WindowsApps\bin\javaw.exe (not found)
Check launcher:	C:\Program Files\Git\cmd\bin\javaw.exe (not found)
Check launcher:	C:\Users\adria\AppData\Roaming\TinyTeX\bin\windows\bin\javaw.exe (not found)
Check launcher:	C:\Users\adria\AppData\Local\Programs\Eclipse Adoptium\jdk-17.0.9.9-hotspot\bin\javaw.exe (OK)
Version string: 1.017.000_009 / 64-Bit (Ignore)
Check launcher:	C:\Users\adria\AppData\Local\Microsoft\WindowsApps\bin\javaw.exe (not found)
Check launcher:	D:\Microsoft VS Code\bin\javaw.exe (not found)
Check launcher:	D:\ZESPOLR\miktex\bin\x64\bin\javaw.exe (not found)
Check launcher:	C:\Users\adria\AppData\Local\Programs\Eclipse Adoptium\jdk-17.0.9.9-hotspot\bin\javaw.exe (OK)
Version string: 1.017.000_009 / 64-Bit (Ignore)
64-bit search:	SOFTWARE\JavaSoft\Java Runtime Environment...
64-bit search:	SOFTWARE\JavaSoft\Java Development Kit...
64-bit search:	SOFTWARE\JavaSoft\JRE...
64-bit search:	SOFTWARE\JavaSoft\JDK...
Check:		SOFTWARE\JavaSoft\JDK\21.0.3
Version string: 1.021.000_003 / 64-Bit (Ignore)
Ignore:		1.021.000_003
64-bit search:	SOFTWARE\IBM\Java Runtime Environment...
64-bit search:	SOFTWARE\IBM\Java Development Kit...
64-bit search:	SOFTWARE\IBM\Java2 Runtime Environment...
64-bit search:	SOFTWARE\IBM\Java Development Kit...
Error msg:	This application requires a Java Runtime Environment 1.8.0 - 1.9.0 (64-bit)


Version:	3.50
CmdLine:	C:\Users\adria\IdeaProjects\UwU\out\artifacts\Kalendarz_jar\Kalendarz.exe --l4j-debug
JNI:		No
WOW64:		Yes
Working dir:	C:\Users\adria\IdeaProjects\UwU\out\artifacts\Kalendarz_jar\.
Requires JDK:	No
Requires 64-Bit: No
Java min ver:	1.007.000
Java max ver:	1.009.000
JRE paths:	C:\Program Files (x86)\Java\jre1.8.0_431\bin\javaw.exe
Check launcher:	C:\Program Files (x86)\Java\jre1.8.0_431\bin\javaw.exe\bin\javaw.exe (not found)
64-bit search:	SOFTWARE\JavaSoft\Java Runtime Environment...
32-bit search:	SOFTWARE\JavaSoft\Java Runtime Environment...
Check:		SOFTWARE\JavaSoft\Java Runtime Environment\1.8
Version string: 1.008.000 / 32-Bit (OK)
Check launcher:	C:\Program Files (x86)\Java\jre1.8.0_431\bin\javaw.exe (OK)
Match:		1.008.000
Runtime used:	1.008.000 (32-bit)
Launcher:	C:\Program Files (x86)\Java\jre1.8.0_431\bin\javaw.exe
Launcher args:	-jar "C:\Users\adria\IdeaProjects\UwU\out\artifacts\Kalendarz_jar\Kalendarz.exe"
Args length:	80/32768 chars
Exit code:	0


Version:	3.50
CmdLine:	C:\Users\adria\IdeaProjects\UwU\out\artifacts\Kalendarz_jar\Kalendarz.exe --l4j-debug
JNI:		No
WOW64:		Yes
Working dir:	C:\Users\adria\IdeaProjects\UwU\out\artifacts\Kalendarz_jar\.
Requires JDK:	No
Requires 64-Bit: No
Java min ver:	1.007.000
Java max ver:	1.009.000
JRE paths:	C:\Program Files (x86)\Java\jre1.8.0_431\bin\javaw.exe
Check launcher:	C:\Program Files (x86)\Java\jre1.8.0_431\bin\javaw.exe\bin\javaw.exe (not found)
64-bit search:	SOFTWARE\JavaSoft\Java Runtime Environment...
32-bit search:	SOFTWARE\JavaSoft\Java Runtime Environment...
Check:		SOFTWARE\JavaSoft\Java Runtime Environment\1.8
Version string: 1.008.000 / 32-Bit (OK)
Check launcher:	C:\Program Files (x86)\Java\jre1.8.0_431\bin\javaw.exe (OK)
Match:		1.008.000
Runtime used:	1.008.000 (32-bit)
Launcher:	C:\Program Files (x86)\Java\jre1.8.0_431\bin\javaw.exe
Launcher args:	-jar "C:\Users\adria\IdeaProjects\UwU\out\artifacts\Kalendarz_jar\Kalendarz.exe"
Args length:	80/32768 chars
Exit code:	0


Version:	3.50
CmdLine:	C:\Users\adria\IdeaProjects\UwU\out\artifacts\Kalendarz_jar\Kalendarz.exe --l4j-debug
JNI:		No
WOW64:		Yes
Working dir:	C:\Users\adria\IdeaProjects\UwU\out\artifacts\Kalendarz_jar\.
Requires JDK:	No
Requires 64-Bit: No
Java min ver:	1.007.000
Java max ver:	1.009.000
JRE paths:	C:\Program Files (x86)\Java\jre1.8.0_431\bin\javaw.exe
Check launcher:	C:\Program Files (x86)\Java\jre1.8.0_431\bin\javaw.exe\bin\javaw.exe (not found)
64-bit search:	SOFTWARE\JavaSoft\Java Runtime Environment...
32-bit search:	SOFTWARE\JavaSoft\Java Runtime Environment...
Check:		SOFTWARE\JavaSoft\Java Runtime Environment\1.8
Version string: 1.008.000 / 32-Bit (OK)
Check launcher:	C:\Program Files (x86)\Java\jre1.8.0_431\bin\javaw.exe (OK)
Match:		1.008.000
Runtime used:	1.008.000 (32-bit)
Launcher:	C:\Program Files (x86)\Java\jre1.8.0_431\bin\javaw.exe
Launcher args:	-jar "C:\Users\adria\IdeaProjects\UwU\out\artifacts\Kalendarz_jar\Kalendarz.exe"
Args length:	80/32768 chars
Exit code:	0
